2023-12-15 02:40:54 [32mINFO[m i.a.s.DatabaseEventListener(onApplicationEvent):38 - Checking configs database flyway migration version...
2023-12-15 02:40:54 [33mWARN[m i.a.d.c.DatabaseAvailabilityCheck(check):38 - Waiting for database to become available...
2023-12-15 02:40:54 [32mINFO[m i.a.d.c.DatabaseAvailabilityCheck(lambda$isDatabaseConnected$1):75 - Testing airbyte configs database connection...
2023-12-15 02:40:54 [32mINFO[m i.a.d.c.DatabaseAvailabilityCheck(check):57 - Database available.
2023-12-15 02:40:55 [32mINFO[m o.f.c.i.l.s.Slf4jLog(info):49 - Flyway Community Edition 7.14.0 by Redgate
2023-12-15 02:40:55 [32mINFO[m o.f.c.i.l.s.Slf4jLog(info):49 - Database: jdbc:postgresql://db:5432/airbyte (PostgreSQL 16.1)
2023-12-15 02:40:55 [33mWARN[m o.f.c.i.l.s.Slf4jLog(warn):53 - Flyway upgrade recommended: PostgreSQL 16.1 is newer than this version of Flyway and support has not been tested. The latest supported version of PostgreSQL is 13.
2023-12-15 02:40:55 [32mINFO[m i.a.d.c.DatabaseMigrationCheck(check):46 - Current database migration version 0.
2023-12-15 02:40:55 [32mINFO[m i.a.d.c.DatabaseMigrationCheck(check):47 - Minimum Flyway version required 0.40.23.002.
2023-12-15 02:41:01 [32mINFO[m o.f.c.i.l.s.Slf4jLog(info):49 - Flyway Community Edition 7.14.0 by Redgate
2023-12-15 02:41:01 [33mWARN[m o.f.c.i.l.s.Slf4jLog(warn):53 - Flyway upgrade recommended: PostgreSQL 16.1 is newer than this version of Flyway and support has not been tested. The latest supported version of PostgreSQL is 13.
2023-12-15 02:41:07 [32mINFO[m o.f.c.i.l.s.Slf4jLog(info):49 - Flyway Community Edition 7.14.0 by Redgate
2023-12-15 02:41:07 [33mWARN[m o.f.c.i.l.s.Slf4jLog(warn):53 - Flyway upgrade recommended: PostgreSQL 16.1 is newer than this version of Flyway and support has not been tested. The latest supported version of PostgreSQL is 13.
2023-12-15 02:41:13 [32mINFO[m o.f.c.i.l.s.Slf4jLog(info):49 - Flyway Community Edition 7.14.0 by Redgate
2023-12-15 02:41:13 [33mWARN[m o.f.c.i.l.s.Slf4jLog(warn):53 - Flyway upgrade recommended: PostgreSQL 16.1 is newer than this version of Flyway and support has not been tested. The latest supported version of PostgreSQL is 13.
2023-12-15 02:41:19 [32mINFO[m o.f.c.i.l.s.Slf4jLog(info):49 - Flyway Community Edition 7.14.0 by Redgate
2023-12-15 02:41:19 [33mWARN[m o.f.c.i.l.s.Slf4jLog(warn):53 - Flyway upgrade recommended: PostgreSQL 16.1 is newer than this version of Flyway and support has not been tested. The latest supported version of PostgreSQL is 13.
2023-12-15 02:41:25 [32mINFO[m o.f.c.i.l.s.Slf4jLog(info):49 - Flyway Community Edition 7.14.0 by Redgate
2023-12-15 02:41:25 [33mWARN[m o.f.c.i.l.s.Slf4jLog(warn):53 - Flyway upgrade recommended: PostgreSQL 16.1 is newer than this version of Flyway and support has not been tested. The latest supported version of PostgreSQL is 13.
2023-12-15 02:41:31 [32mINFO[m o.f.c.i.l.s.Slf4jLog(info):49 - Flyway Community Edition 7.14.0 by Redgate
2023-12-15 02:41:31 [33mWARN[m o.f.c.i.l.s.Slf4jLog(warn):53 - Flyway upgrade recommended: PostgreSQL 16.1 is newer than this version of Flyway and support has not been tested. The latest supported version of PostgreSQL is 13.
2023-12-15 02:41:37 [32mINFO[m o.f.c.i.l.s.Slf4jLog(info):49 - Flyway Community Edition 7.14.0 by Redgate
2023-12-15 02:41:37 [33mWARN[m o.f.c.i.l.s.Slf4jLog(warn):53 - Flyway upgrade recommended: PostgreSQL 16.1 is newer than this version of Flyway and support has not been tested. The latest supported version of PostgreSQL is 13.
2023-12-15 02:41:43 [32mINFO[m o.f.c.i.l.s.Slf4jLog(info):49 - Flyway Community Edition 7.14.0 by Redgate
2023-12-15 02:41:43 [33mWARN[m o.f.c.i.l.s.Slf4jLog(warn):53 - Flyway upgrade recommended: PostgreSQL 16.1 is newer than this version of Flyway and support has not been tested. The latest supported version of PostgreSQL is 13.
2023-12-15 02:41:49 [32mINFO[m o.f.c.i.l.s.Slf4jLog(info):49 - Flyway Community Edition 7.14.0 by Redgate
2023-12-15 02:41:49 [33mWARN[m o.f.c.i.l.s.Slf4jLog(warn):53 - Flyway upgrade recommended: PostgreSQL 16.1 is newer than this version of Flyway and support has not been tested. The latest supported version of PostgreSQL is 13.
2023-12-15 02:41:55 [32mINFO[m o.f.c.i.l.s.Slf4jLog(info):49 - Flyway Community Edition 7.14.0 by Redgate
2023-12-15 02:41:55 [33mWARN[m o.f.c.i.l.s.Slf4jLog(warn):53 - Flyway upgrade recommended: PostgreSQL 16.1 is newer than this version of Flyway and support has not been tested. The latest supported version of PostgreSQL is 13.
2023-12-15 02:41:55 [1;31mERROR[m i.m.r.Micronaut(handleStartupException):338 - Error starting Micronaut server: io.airbyte.db.check.DatabaseCheckException: Timeout while waiting for database to fulfill minimum flyway migration version..
java.lang.RuntimeException: io.airbyte.db.check.DatabaseCheckException: Timeout while waiting for database to fulfill minimum flyway migration version..
	at io.airbyte.server.DatabaseEventListener.onApplicationEvent(DatabaseEventListener.java:42) ~[io.airbyte-airbyte-server-0.50.38.jar:?]
	at io.airbyte.server.DatabaseEventListener.onApplicationEvent(DatabaseEventListener.java:20) ~[io.airbyte-airbyte-server-0.50.38.jar:?]
	at io.micronaut.context.event.ApplicationEventPublisherFactory.notifyEventListeners(ApplicationEventPublisherFactory.java:262) ~[micronaut-inject-3.10.1.jar:3.10.1]
	at io.micronaut.context.event.ApplicationEventPublisherFactory.access$200(ApplicationEventPublisherFactory.java:60) ~[micronaut-inject-3.10.1.jar:3.10.1]
	at io.micronaut.context.event.ApplicationEventPublisherFactory$2.publishEvent(ApplicationEventPublisherFactory.java:229) ~[micronaut-inject-3.10.1.jar:3.10.1]
	at io.micronaut.http.server.netty.NettyHttpServer.lambda$fireStartupEvents$15(NettyHttpServer.java:600) ~[micronaut-http-server-netty-3.10.1.jar:3.10.1]
	at java.util.Optional.ifPresent(Optional.java:178) ~[?:?]
	at io.micronaut.http.server.netty.NettyHttpServer.fireStartupEvents(NettyHttpServer.java:594) ~[micronaut-http-server-netty-3.10.1.jar:3.10.1]
	at io.micronaut.http.server.netty.NettyHttpServer.start(NettyHttpServer.java:298) ~[micronaut-http-server-netty-3.10.1.jar:3.10.1]
	at io.micronaut.http.server.netty.NettyHttpServer.start(NettyHttpServer.java:104) ~[micronaut-http-server-netty-3.10.1.jar:3.10.1]
	at io.micronaut.runtime.Micronaut.lambda$start$2(Micronaut.java:81) ~[micronaut-context-3.10.1.jar:3.10.1]
	at java.util.Optional.ifPresent(Optional.java:178) ~[?:?]
	at io.micronaut.runtime.Micronaut.start(Micronaut.java:79) ~[micronaut-context-3.10.1.jar:3.10.1]
	at io.micronaut.runtime.Micronaut.run(Micronaut.java:323) ~[micronaut-context-3.10.1.jar:3.10.1]
	at io.micronaut.runtime.Micronaut.run(Micronaut.java:309) ~[micronaut-context-3.10.1.jar:3.10.1]
	at io.airbyte.server.Application.main(Application.java:15) ~[io.airbyte-airbyte-server-0.50.38.jar:?]
Caused by: io.airbyte.db.check.DatabaseCheckException: Timeout while waiting for database to fulfill minimum flyway migration version..
	at io.airbyte.db.check.DatabaseMigrationCheck.check(DatabaseMigrationCheck.java:51) ~[io.airbyte.airbyte-db-db-lib-0.50.38.jar:?]
	at io.airbyte.server.DatabaseEventListener.onApplicationEvent(DatabaseEventListener.java:40) ~[io.airbyte-airbyte-server-0.50.38.jar:?]
	... 15 more
2023-12-15 02:45:13 [32mINFO[m i.a.s.DatabaseEventListener(onApplicationEvent):38 - Checking configs database flyway migration version...
2023-12-15 02:45:13 [33mWARN[m i.a.d.c.DatabaseAvailabilityCheck(check):38 - Waiting for database to become available...
2023-12-15 02:45:13 [32mINFO[m i.a.d.c.DatabaseAvailabilityCheck(lambda$isDatabaseConnected$1):75 - Testing airbyte configs database connection...
2023-12-15 02:45:14 [32mINFO[m i.a.d.c.DatabaseAvailabilityCheck(check):57 - Database available.
2023-12-15 02:45:14 [32mINFO[m o.f.c.i.l.s.Slf4jLog(info):49 - Flyway Community Edition 7.14.0 by Redgate
2023-12-15 02:45:14 [32mINFO[m o.f.c.i.l.s.Slf4jLog(info):49 - Database: jdbc:postgresql://db:5432/airbyte (PostgreSQL 16.1)
2023-12-15 02:45:14 [33mWARN[m o.f.c.i.l.s.Slf4jLog(warn):53 - Flyway upgrade recommended: PostgreSQL 16.1 is newer than this version of Flyway and support has not been tested. The latest supported version of PostgreSQL is 13.
2023-12-15 02:45:14 [32mINFO[m i.a.d.c.DatabaseMigrationCheck(check):46 - Current database migration version 0.
2023-12-15 02:45:14 [32mINFO[m i.a.d.c.DatabaseMigrationCheck(check):47 - Minimum Flyway version required 0.40.23.002.
2023-12-15 02:45:20 [32mINFO[m o.f.c.i.l.s.Slf4jLog(info):49 - Flyway Community Edition 7.14.0 by Redgate
2023-12-15 02:45:20 [33mWARN[m o.f.c.i.l.s.Slf4jLog(warn):53 - Flyway upgrade recommended: PostgreSQL 16.1 is newer than this version of Flyway and support has not been tested. The latest supported version of PostgreSQL is 13.
2023-12-15 02:45:26 [32mINFO[m o.f.c.i.l.s.Slf4jLog(info):49 - Flyway Community Edition 7.14.0 by Redgate
2023-12-15 02:45:26 [33mWARN[m o.f.c.i.l.s.Slf4jLog(warn):53 - Flyway upgrade recommended: PostgreSQL 16.1 is newer than this version of Flyway and support has not been tested. The latest supported version of PostgreSQL is 13.
2023-12-15 02:45:32 [32mINFO[m o.f.c.i.l.s.Slf4jLog(info):49 - Flyway Community Edition 7.14.0 by Redgate
2023-12-15 02:45:32 [33mWARN[m o.f.c.i.l.s.Slf4jLog(warn):53 - Flyway upgrade recommended: PostgreSQL 16.1 is newer than this version of Flyway and support has not been tested. The latest supported version of PostgreSQL is 13.
2023-12-15 02:45:38 [32mINFO[m o.f.c.i.l.s.Slf4jLog(info):49 - Flyway Community Edition 7.14.0 by Redgate
2023-12-15 02:45:38 [33mWARN[m o.f.c.i.l.s.Slf4jLog(warn):53 - Flyway upgrade recommended: PostgreSQL 16.1 is newer than this version of Flyway and support has not been tested. The latest supported version of PostgreSQL is 13.
2023-12-15 02:45:44 [32mINFO[m o.f.c.i.l.s.Slf4jLog(info):49 - Flyway Community Edition 7.14.0 by Redgate
2023-12-15 02:45:44 [33mWARN[m o.f.c.i.l.s.Slf4jLog(warn):53 - Flyway upgrade recommended: PostgreSQL 16.1 is newer than this version of Flyway and support has not been tested. The latest supported version of PostgreSQL is 13.
2023-12-15 02:45:50 [32mINFO[m o.f.c.i.l.s.Slf4jLog(info):49 - Flyway Community Edition 7.14.0 by Redgate
2023-12-15 02:45:50 [33mWARN[m o.f.c.i.l.s.Slf4jLog(warn):53 - Flyway upgrade recommended: PostgreSQL 16.1 is newer than this version of Flyway and support has not been tested. The latest supported version of PostgreSQL is 13.
2023-12-15 02:45:56 [32mINFO[m o.f.c.i.l.s.Slf4jLog(info):49 - Flyway Community Edition 7.14.0 by Redgate
2023-12-15 02:45:56 [33mWARN[m o.f.c.i.l.s.Slf4jLog(warn):53 - Flyway upgrade recommended: PostgreSQL 16.1 is newer than this version of Flyway and support has not been tested. The latest supported version of PostgreSQL is 13.
2023-12-15 02:46:02 [32mINFO[m o.f.c.i.l.s.Slf4jLog(info):49 - Flyway Community Edition 7.14.0 by Redgate
2023-12-15 02:46:02 [33mWARN[m o.f.c.i.l.s.Slf4jLog(warn):53 - Flyway upgrade recommended: PostgreSQL 16.1 is newer than this version of Flyway and support has not been tested. The latest supported version of PostgreSQL is 13.
2023-12-15 02:46:08 [32mINFO[m o.f.c.i.l.s.Slf4jLog(info):49 - Flyway Community Edition 7.14.0 by Redgate
2023-12-15 02:46:08 [33mWARN[m o.f.c.i.l.s.Slf4jLog(warn):53 - Flyway upgrade recommended: PostgreSQL 16.1 is newer than this version of Flyway and support has not been tested. The latest supported version of PostgreSQL is 13.
2023-12-15 02:46:14 [32mINFO[m o.f.c.i.l.s.Slf4jLog(info):49 - Flyway Community Edition 7.14.0 by Redgate
2023-12-15 02:46:14 [33mWARN[m o.f.c.i.l.s.Slf4jLog(warn):53 - Flyway upgrade recommended: PostgreSQL 16.1 is newer than this version of Flyway and support has not been tested. The latest supported version of PostgreSQL is 13.
2023-12-15 02:46:14 [1;31mERROR[m i.m.r.Micronaut(handleStartupException):338 - Error starting Micronaut server: io.airbyte.db.check.DatabaseCheckException: Timeout while waiting for database to fulfill minimum flyway migration version..
java.lang.RuntimeException: io.airbyte.db.check.DatabaseCheckException: Timeout while waiting for database to fulfill minimum flyway migration version..
	at io.airbyte.server.DatabaseEventListener.onApplicationEvent(DatabaseEventListener.java:42) ~[io.airbyte-airbyte-server-0.50.38.jar:?]
	at io.airbyte.server.DatabaseEventListener.onApplicationEvent(DatabaseEventListener.java:20) ~[io.airbyte-airbyte-server-0.50.38.jar:?]
	at io.micronaut.context.event.ApplicationEventPublisherFactory.notifyEventListeners(ApplicationEventPublisherFactory.java:262) ~[micronaut-inject-3.10.1.jar:3.10.1]
	at io.micronaut.context.event.ApplicationEventPublisherFactory.access$200(ApplicationEventPublisherFactory.java:60) ~[micronaut-inject-3.10.1.jar:3.10.1]
	at io.micronaut.context.event.ApplicationEventPublisherFactory$2.publishEvent(ApplicationEventPublisherFactory.java:229) ~[micronaut-inject-3.10.1.jar:3.10.1]
	at io.micronaut.http.server.netty.NettyHttpServer.lambda$fireStartupEvents$15(NettyHttpServer.java:600) ~[micronaut-http-server-netty-3.10.1.jar:3.10.1]
	at java.util.Optional.ifPresent(Optional.java:178) ~[?:?]
	at io.micronaut.http.server.netty.NettyHttpServer.fireStartupEvents(NettyHttpServer.java:594) ~[micronaut-http-server-netty-3.10.1.jar:3.10.1]
	at io.micronaut.http.server.netty.NettyHttpServer.start(NettyHttpServer.java:298) ~[micronaut-http-server-netty-3.10.1.jar:3.10.1]
	at io.micronaut.http.server.netty.NettyHttpServer.start(NettyHttpServer.java:104) ~[micronaut-http-server-netty-3.10.1.jar:3.10.1]
	at io.micronaut.runtime.Micronaut.lambda$start$2(Micronaut.java:81) ~[micronaut-context-3.10.1.jar:3.10.1]
	at java.util.Optional.ifPresent(Optional.java:178) ~[?:?]
	at io.micronaut.runtime.Micronaut.start(Micronaut.java:79) ~[micronaut-context-3.10.1.jar:3.10.1]
	at io.micronaut.runtime.Micronaut.run(Micronaut.java:323) ~[micronaut-context-3.10.1.jar:3.10.1]
	at io.micronaut.runtime.Micronaut.run(Micronaut.java:309) ~[micronaut-context-3.10.1.jar:3.10.1]
	at io.airbyte.server.Application.main(Application.java:15) ~[io.airbyte-airbyte-server-0.50.38.jar:?]
Caused by: io.airbyte.db.check.DatabaseCheckException: Timeout while waiting for database to fulfill minimum flyway migration version..
	at io.airbyte.db.check.DatabaseMigrationCheck.check(DatabaseMigrationCheck.java:51) ~[io.airbyte.airbyte-db-db-lib-0.50.38.jar:?]
	at io.airbyte.server.DatabaseEventListener.onApplicationEvent(DatabaseEventListener.java:40) ~[io.airbyte-airbyte-server-0.50.38.jar:?]
	... 15 more
2023-12-15 02:51:59 [32mINFO[m i.m.r.Micronaut(lambda$start$2):98 - Startup completed in 16363ms. Server Running: http://b8d385a2866a:8001
2023-12-15 12:45:44 [32mINFO[m i.a.s.DatabaseEventListener(onApplicationEvent):38 - Checking configs database flyway migration version...
2023-12-15 12:45:44 [33mWARN[m i.a.d.c.DatabaseAvailabilityCheck(check):38 - Waiting for database to become available...
2023-12-15 12:45:44 [32mINFO[m i.a.d.c.DatabaseAvailabilityCheck(lambda$isDatabaseConnected$1):75 - Testing airbyte configs database connection...
2023-12-15 12:45:46 [32mINFO[m i.a.d.c.DatabaseAvailabilityCheck(check):57 - Database available.
2023-12-15 12:45:47 [32mINFO[m o.f.c.i.l.s.Slf4jLog(info):49 - Flyway Community Edition 7.14.0 by Redgate
2023-12-15 12:45:47 [32mINFO[m o.f.c.i.l.s.Slf4jLog(info):49 - Database: jdbc:postgresql://db:5432/airbyte (PostgreSQL 16.1)
2023-12-15 12:45:47 [33mWARN[m o.f.c.i.l.s.Slf4jLog(warn):53 - Flyway upgrade recommended: PostgreSQL 16.1 is newer than this version of Flyway and support has not been tested. The latest supported version of PostgreSQL is 13.
2023-12-15 12:45:47 [32mINFO[m o.f.c.i.l.s.Slf4jLog(info):49 - Flyway Community Edition 7.14.0 by Redgate
2023-12-15 12:45:47 [33mWARN[m o.f.c.i.l.s.Slf4jLog(warn):53 - Flyway upgrade recommended: PostgreSQL 16.1 is newer than this version of Flyway and support has not been tested. The latest supported version of PostgreSQL is 13.
2023-12-15 12:45:47 [32mINFO[m i.a.d.c.DatabaseMigrationCheck(check):46 - Current database migration version 0.50.33.010.
2023-12-15 12:45:47 [32mINFO[m i.a.d.c.DatabaseMigrationCheck(check):47 - Minimum Flyway version required 0.40.23.002.
2023-12-15 12:45:47 [32mINFO[m i.a.d.c.DatabaseMigrationCheck(check):62 - Verified that database has been migrated to the required minimum version 0.40.23.002.
2023-12-15 12:45:47 [32mINFO[m i.a.s.DatabaseEventListener(onApplicationEvent):45 - Checking jobs database flyway migration version...
2023-12-15 12:45:47 [33mWARN[m i.a.d.c.DatabaseAvailabilityCheck(check):38 - Waiting for database to become available...
2023-12-15 12:45:47 [32mINFO[m i.a.d.c.DatabaseAvailabilityCheck(lambda$isDatabaseConnected$1):75 - Testing airbyte jobs database connection...
2023-12-15 12:45:47 [32mINFO[m i.a.d.c.DatabaseAvailabilityCheck(check):57 - Database available.
2023-12-15 12:45:47 [32mINFO[m o.f.c.i.l.s.Slf4jLog(info):49 - Flyway Community Edition 7.14.0 by Redgate
2023-12-15 12:45:47 [32mINFO[m o.f.c.i.l.s.Slf4jLog(info):49 - Database: jdbc:postgresql://db:5432/airbyte (PostgreSQL 16.1)
2023-12-15 12:45:47 [33mWARN[m o.f.c.i.l.s.Slf4jLog(warn):53 - Flyway upgrade recommended: PostgreSQL 16.1 is newer than this version of Flyway and support has not been tested. The latest supported version of PostgreSQL is 13.
2023-12-15 12:45:47 [32mINFO[m o.f.c.i.l.s.Slf4jLog(info):49 - Flyway Community Edition 7.14.0 by Redgate
2023-12-15 12:45:47 [33mWARN[m o.f.c.i.l.s.Slf4jLog(warn):53 - Flyway upgrade recommended: PostgreSQL 16.1 is newer than this version of Flyway and support has not been tested. The latest supported version of PostgreSQL is 13.
2023-12-15 12:45:47 [32mINFO[m i.a.d.c.DatabaseMigrationCheck(check):46 - Current database migration version 0.50.4.001.
2023-12-15 12:45:47 [32mINFO[m i.a.d.c.DatabaseMigrationCheck(check):47 - Minimum Flyway version required 0.40.26.001.
2023-12-15 12:45:47 [32mINFO[m i.a.d.c.DatabaseMigrationCheck(check):62 - Verified that database has been migrated to the required minimum version 0.40.26.001.
2023-12-15 12:45:47 [32mINFO[m i.m.r.Micronaut(lambda$start$2):98 - Startup completed in 34644ms. Server Running: http://ba37e084df9e:8001
