2023-12-18 01:43:56,779 - MainThread - sqlmesh.core.state_sync.engine_adapter - INFO - Applying migration <module 'sqlmesh.migrations.v0001_init' from '/opt/conda/lib/python3.10/site-packages/sqlmesh/migrations/v0001_init.py'> (engine_adapter.py:771)
2023-12-18 01:43:56,789 - MainThread - sqlmesh.core.state_sync.engine_adapter - INFO - Applying migration <module 'sqlmesh.migrations.v0002_remove_identify' from '/opt/conda/lib/python3.10/site-packages/sqlmesh/migrations/v0002_remove_identify.py'> (engine_adapter.py:771)
2023-12-18 01:43:56,790 - MainThread - sqlmesh.core.state_sync.engine_adapter - INFO - Applying migration <module 'sqlmesh.migrations.v0003_move_batch_size' from '/opt/conda/lib/python3.10/site-packages/sqlmesh/migrations/v0003_move_batch_size.py'> (engine_adapter.py:771)
2023-12-18 01:43:56,792 - MainThread - sqlmesh.core.state_sync.engine_adapter - INFO - Applying migration <module 'sqlmesh.migrations.v0004_environmnent_add_finalized_at' from '/opt/conda/lib/python3.10/site-packages/sqlmesh/migrations/v0004_environmnent_add_finalized_at.py'> (engine_adapter.py:771)
2023-12-18 01:43:56,793 - MainThread - sqlmesh.core.state_sync.engine_adapter - INFO - Applying migration <module 'sqlmesh.migrations.v0005_create_seed_table' from '/opt/conda/lib/python3.10/site-packages/sqlmesh/migrations/v0005_create_seed_table.py'> (engine_adapter.py:771)
2023-12-18 01:43:56,796 - MainThread - sqlmesh.core.state_sync.engine_adapter - INFO - Applying migration <module 'sqlmesh.migrations.v0006_change_seed_hash' from '/opt/conda/lib/python3.10/site-packages/sqlmesh/migrations/v0006_change_seed_hash.py'> (engine_adapter.py:771)
2023-12-18 01:43:56,796 - MainThread - sqlmesh.core.state_sync.engine_adapter - INFO - Applying migration <module 'sqlmesh.migrations.v0007_env_table_info_to_kind' from '/opt/conda/lib/python3.10/site-packages/sqlmesh/migrations/v0007_env_table_info_to_kind.py'> (engine_adapter.py:771)
2023-12-18 01:43:56,798 - MainThread - sqlmesh.core.state_sync.engine_adapter - INFO - Applying migration <module 'sqlmesh.migrations.v0008_create_intervals_table' from '/opt/conda/lib/python3.10/site-packages/sqlmesh/migrations/v0008_create_intervals_table.py'> (engine_adapter.py:771)
2023-12-18 01:43:56,802 - MainThread - sqlmesh.core.state_sync.engine_adapter - INFO - Applying migration <module 'sqlmesh.migrations.v0009_remove_pre_post_hooks' from '/opt/conda/lib/python3.10/site-packages/sqlmesh/migrations/v0009_remove_pre_post_hooks.py'> (engine_adapter.py:771)
2023-12-18 01:43:56,804 - MainThread - sqlmesh.core.state_sync.engine_adapter - INFO - Applying migration <module 'sqlmesh.migrations.v0010_seed_hash_batch_size' from '/opt/conda/lib/python3.10/site-packages/sqlmesh/migrations/v0010_seed_hash_batch_size.py'> (engine_adapter.py:771)
2023-12-18 01:43:56,804 - MainThread - sqlmesh.core.state_sync.engine_adapter - INFO - Applying migration <module 'sqlmesh.migrations.v0011_add_model_kind_name' from '/opt/conda/lib/python3.10/site-packages/sqlmesh/migrations/v0011_add_model_kind_name.py'> (engine_adapter.py:771)
2023-12-18 01:43:56,807 - MainThread - sqlmesh.core.state_sync.engine_adapter - INFO - Applying migration <module 'sqlmesh.migrations.v0012_update_jinja_expressions' from '/opt/conda/lib/python3.10/site-packages/sqlmesh/migrations/v0012_update_jinja_expressions.py'> (engine_adapter.py:771)
2023-12-18 01:43:56,809 - MainThread - sqlmesh.core.state_sync.engine_adapter - INFO - Applying migration <module 'sqlmesh.migrations.v0013_serde_using_model_dialects' from '/opt/conda/lib/python3.10/site-packages/sqlmesh/migrations/v0013_serde_using_model_dialects.py'> (engine_adapter.py:771)
2023-12-18 01:43:56,811 - MainThread - sqlmesh.core.state_sync.engine_adapter - INFO - Applying migration <module 'sqlmesh.migrations.v0014_fix_dev_intervals' from '/opt/conda/lib/python3.10/site-packages/sqlmesh/migrations/v0014_fix_dev_intervals.py'> (engine_adapter.py:771)
2023-12-18 01:43:56,813 - MainThread - sqlmesh.core.state_sync.engine_adapter - INFO - Applying migration <module 'sqlmesh.migrations.v0015_environment_add_promoted_snapshot_ids' from '/opt/conda/lib/python3.10/site-packages/sqlmesh/migrations/v0015_environment_add_promoted_snapshot_ids.py'> (engine_adapter.py:771)
2023-12-18 01:43:56,816 - MainThread - sqlmesh.core.state_sync.engine_adapter - INFO - Applying migration <module 'sqlmesh.migrations.v0016_fix_windows_path' from '/opt/conda/lib/python3.10/site-packages/sqlmesh/migrations/v0016_fix_windows_path.py'> (engine_adapter.py:771)
2023-12-18 01:43:56,818 - MainThread - sqlmesh.core.state_sync.engine_adapter - INFO - Applying migration <module 'sqlmesh.migrations.v0017_fix_windows_seed_path' from '/opt/conda/lib/python3.10/site-packages/sqlmesh/migrations/v0017_fix_windows_seed_path.py'> (engine_adapter.py:771)
2023-12-18 01:43:56,820 - MainThread - sqlmesh.core.state_sync.engine_adapter - INFO - Applying migration <module 'sqlmesh.migrations.v0018_rename_snapshot_model_to_node' from '/opt/conda/lib/python3.10/site-packages/sqlmesh/migrations/v0018_rename_snapshot_model_to_node.py'> (engine_adapter.py:771)
2023-12-18 01:43:56,821 - MainThread - sqlmesh.core.state_sync.engine_adapter - INFO - Applying migration <module 'sqlmesh.migrations.v0019_add_env_suffix_target' from '/opt/conda/lib/python3.10/site-packages/sqlmesh/migrations/v0019_add_env_suffix_target.py'> (engine_adapter.py:771)
2023-12-18 01:43:56,824 - MainThread - sqlmesh.core.state_sync.engine_adapter - INFO - Applying migration <module 'sqlmesh.migrations.v0020_remove_redundant_attributes_from_dbt_models' from '/opt/conda/lib/python3.10/site-packages/sqlmesh/migrations/v0020_remove_redundant_attributes_from_dbt_models.py'> (engine_adapter.py:771)
2023-12-18 01:43:56,826 - MainThread - sqlmesh.core.state_sync.engine_adapter - INFO - Applying migration <module 'sqlmesh.migrations.v0021_fix_table_properties' from '/opt/conda/lib/python3.10/site-packages/sqlmesh/migrations/v0021_fix_table_properties.py'> (engine_adapter.py:771)
2023-12-18 01:43:56,828 - MainThread - sqlmesh.core.state_sync.engine_adapter - INFO - Applying migration <module 'sqlmesh.migrations.v0022_move_project_to_model' from '/opt/conda/lib/python3.10/site-packages/sqlmesh/migrations/v0022_move_project_to_model.py'> (engine_adapter.py:771)
2023-12-18 01:43:56,830 - MainThread - sqlmesh.core.state_sync.engine_adapter - INFO - Applying migration <module 'sqlmesh.migrations.v0023_fix_added_models_with_forward_only_parents' from '/opt/conda/lib/python3.10/site-packages/sqlmesh/migrations/v0023_fix_added_models_with_forward_only_parents.py'> (engine_adapter.py:771)
2023-12-18 01:43:56,832 - MainThread - sqlmesh.core.state_sync.engine_adapter - INFO - Applying migration <module 'sqlmesh.migrations.v0024_replace_model_kind_name_enum_with_value' from '/opt/conda/lib/python3.10/site-packages/sqlmesh/migrations/v0024_replace_model_kind_name_enum_with_value.py'> (engine_adapter.py:771)
2023-12-18 01:43:56,834 - MainThread - sqlmesh.core.state_sync.engine_adapter - INFO - Applying migration <module 'sqlmesh.migrations.v0025_fix_intervals_and_missing_change_category' from '/opt/conda/lib/python3.10/site-packages/sqlmesh/migrations/v0025_fix_intervals_and_missing_change_category.py'> (engine_adapter.py:771)
2023-12-18 01:43:56,836 - MainThread - sqlmesh.core.state_sync.engine_adapter - INFO - Applying migration <module 'sqlmesh.migrations.v0026_remove_dialect_from_seed' from '/opt/conda/lib/python3.10/site-packages/sqlmesh/migrations/v0026_remove_dialect_from_seed.py'> (engine_adapter.py:771)
2023-12-18 01:43:56,837 - MainThread - sqlmesh.core.state_sync.engine_adapter - INFO - Applying migration <module 'sqlmesh.migrations.v0027_minute_interval_to_five' from '/opt/conda/lib/python3.10/site-packages/sqlmesh/migrations/v0027_minute_interval_to_five.py'> (engine_adapter.py:771)
2023-12-18 01:43:56,838 - MainThread - sqlmesh.core.state_sync.engine_adapter - INFO - Applying migration <module 'sqlmesh.migrations.v0028_add_plan_dags_table' from '/opt/conda/lib/python3.10/site-packages/sqlmesh/migrations/v0028_add_plan_dags_table.py'> (engine_adapter.py:771)
2023-12-18 01:43:56,841 - MainThread - sqlmesh.core.state_sync.engine_adapter - INFO - Applying migration <module 'sqlmesh.migrations.v0029_generate_schema_types_using_dialect' from '/opt/conda/lib/python3.10/site-packages/sqlmesh/migrations/v0029_generate_schema_types_using_dialect.py'> (engine_adapter.py:771)
2023-12-18 01:43:56,843 - MainThread - sqlmesh.core.state_sync.engine_adapter - INFO - Applying migration <module 'sqlmesh.migrations.v0030_update_unrestorable_snapshots' from '/opt/conda/lib/python3.10/site-packages/sqlmesh/migrations/v0030_update_unrestorable_snapshots.py'> (engine_adapter.py:771)
2023-12-18 01:43:56,844 - MainThread - sqlmesh.core.state_sync.engine_adapter - INFO - Applying migration <module 'sqlmesh.migrations.v0031_remove_dbt_target_fields' from '/opt/conda/lib/python3.10/site-packages/sqlmesh/migrations/v0031_remove_dbt_target_fields.py'> (engine_adapter.py:771)
2023-12-18 01:43:56,845 - MainThread - sqlmesh.core.state_sync.engine_adapter - INFO - Applying migration <module 'sqlmesh.migrations.v0032_add_sqlmesh_version' from '/opt/conda/lib/python3.10/site-packages/sqlmesh/migrations/v0032_add_sqlmesh_version.py'> (engine_adapter.py:771)
2023-12-18 01:43:56,847 - MainThread - sqlmesh.core.state_sync.engine_adapter - INFO - Applying migration <module 'sqlmesh.migrations.v0033_mysql_fix_blob_text_type' from '/opt/conda/lib/python3.10/site-packages/sqlmesh/migrations/v0033_mysql_fix_blob_text_type.py'> (engine_adapter.py:771)
2023-12-18 01:44:09,493 - MainThread - sqlmesh.core.snapshot.evaluator - INFO - Creating schema 'sqlmesh__sqlmesh_example' (evaluator.py:737)
2023-12-18 01:44:09,494 - MainThread - sqlmesh.core.engine_adapter.base - INFO - Executing SQL: CREATE SCHEMA IF NOT EXISTS "sqlmesh__sqlmesh_example" (base.py:1434)
2023-12-18 01:44:09,497 - MainThread - sqlmesh.core.snapshot.evaluator - INFO - Creating table 'sqlmesh__sqlmesh_example.sqlmesh_example__seed_model__57561387__temp' (evaluator.py:1007)
2023-12-18 01:44:09,499 - MainThread - sqlmesh.core.engine_adapter.base - INFO - Executing SQL: CREATE TABLE IF NOT EXISTS "sqlmesh__sqlmesh_example"."sqlmesh_example__seed_model__57561387__temp" ("id" INT, "item_id" INT, "ds" TEXT) (base.py:1434)
2023-12-18 01:44:09,501 - MainThread - sqlmesh.core.snapshot.evaluator - INFO - Creating table 'sqlmesh__sqlmesh_example.sqlmesh_example__seed_model__57561387' (evaluator.py:1007)
2023-12-18 01:44:09,503 - MainThread - sqlmesh.core.engine_adapter.base - INFO - Executing SQL: CREATE TABLE IF NOT EXISTS "sqlmesh__sqlmesh_example"."sqlmesh_example__seed_model__57561387" ("id" INT, "item_id" INT, "ds" TEXT) (base.py:1434)
2023-12-18 01:44:09,515 - MainThread - sqlmesh.core.snapshot.evaluator - INFO - Creating table 'sqlmesh__sqlmesh_example.sqlmesh_example__incremental_model__1404400901__temp' (evaluator.py:1007)
2023-12-18 01:44:09,516 - MainThread - sqlmesh.core.engine_adapter.base - INFO - Executing SQL: CREATE TABLE IF NOT EXISTS "sqlmesh__sqlmesh_example"."sqlmesh_example__incremental_model__1404400901__temp" ("id" INT, "item_id" INT, "ds" TEXT) (base.py:1434)
2023-12-18 01:44:09,518 - MainThread - sqlmesh.core.snapshot.evaluator - INFO - Dry running model 'sqlmesh_example.incremental_model' (evaluator.py:1023)
2023-12-18 01:44:09,518 - MainThread - sqlmesh.core.engine_adapter.base - INFO - Executing SQL: SELECT "seed_model"."id" AS "id", "seed_model"."item_id" AS "item_id", "seed_model"."ds" AS "ds" FROM "sqlmesh__sqlmesh_example"."sqlmesh_example__seed_model__57561387" AS "seed_model" WHERE FALSE LIMIT 0 (base.py:1434)
2023-12-18 01:44:09,523 - MainThread - sqlmesh.core.snapshot.evaluator - INFO - Creating table 'sqlmesh__sqlmesh_example.sqlmesh_example__incremental_model__1404400901' (evaluator.py:1007)
2023-12-18 01:44:09,525 - MainThread - sqlmesh.core.engine_adapter.base - INFO - Executing SQL: CREATE TABLE IF NOT EXISTS "sqlmesh__sqlmesh_example"."sqlmesh_example__incremental_model__1404400901" ("id" INT, "item_id" INT, "ds" TEXT) (base.py:1434)
2023-12-18 01:44:09,534 - MainThread - sqlmesh.core.snapshot.evaluator - INFO - Creating table 'sqlmesh__sqlmesh_example.sqlmesh_example__full_model__114051327__temp' (evaluator.py:1007)
2023-12-18 01:44:09,536 - MainThread - sqlmesh.core.engine_adapter.base - INFO - Executing SQL: CREATE TABLE IF NOT EXISTS "sqlmesh__sqlmesh_example"."sqlmesh_example__full_model__114051327__temp" ("item_id" INT, "num_orders" BIGINT) (base.py:1434)
2023-12-18 01:44:09,537 - MainThread - sqlmesh.core.snapshot.evaluator - INFO - Dry running model 'sqlmesh_example.full_model' (evaluator.py:1023)
2023-12-18 01:44:09,538 - MainThread - sqlmesh.core.engine_adapter.base - INFO - Executing SQL: SELECT "incremental_model"."item_id" AS "item_id", COUNT(DISTINCT "incremental_model"."id") AS "num_orders" FROM "sqlmesh__sqlmesh_example"."sqlmesh_example__incremental_model__1404400901" AS "incremental_model" WHERE FALSE GROUP BY "incremental_model"."item_id" ORDER BY "item_id" LIMIT 0 (base.py:1434)
2023-12-18 01:44:09,541 - MainThread - sqlmesh.core.snapshot.evaluator - INFO - Creating table 'sqlmesh__sqlmesh_example.sqlmesh_example__full_model__114051327' (evaluator.py:1007)
2023-12-18 01:44:09,542 - MainThread - sqlmesh.core.engine_adapter.base - INFO - Executing SQL: CREATE TABLE IF NOT EXISTS "sqlmesh__sqlmesh_example"."sqlmesh_example__full_model__114051327" ("item_id" INT, "num_orders" BIGINT) (base.py:1434)
2023-12-18 01:44:09,607 - MainThread - sqlmesh.core.snapshot.evaluator - INFO - Evaluating snapshot SnapshotId<sqlmesh_example.seed_model: 343981806> (evaluator.py:420)
2023-12-18 01:44:09,611 - MainThread - sqlmesh.core.snapshot.evaluator - INFO - Inserting batch (2023-12-17 00:00:00+00:00, 2023-12-18 00:00:00+00:00) into sqlmesh__sqlmesh_example.sqlmesh_example__seed_model__57561387' (evaluator.py:444)
2023-12-18 01:44:09,617 - MainThread - sqlmesh.core.engine_adapter.base - INFO - Executing SQL: CREATE OR REPLACE TABLE "sqlmesh__sqlmesh_example"."sqlmesh_example__seed_model__57561387" AS SELECT "id", "item_id", "ds" FROM "sqlmesh__sqlmesh_example"."__temp_sqlmesh_example__seed_model__57561387_imu3hqgb" (base.py:1434)
2023-12-18 01:44:09,619 - MainThread - sqlmesh.core.engine_adapter.base - INFO - Executing SQL: DROP TABLE IF EXISTS "sqlmesh__sqlmesh_example"."__temp_sqlmesh_example__seed_model__57561387_imu3hqgb" (base.py:1434)
2023-12-18 01:44:09,621 - MainThread - sqlmesh.core.state_sync.engine_adapter - INFO - Adding interval (1702771200000, 1702857600000) for snapshot SnapshotId<sqlmesh_example.seed_model: 343981806> (engine_adapter.py:543)
2023-12-18 01:44:09,639 - MainThread - sqlmesh.core.snapshot.evaluator - INFO - Evaluating snapshot SnapshotId<sqlmesh_example.incremental_model: 2881875110> (evaluator.py:420)
2023-12-18 01:44:09,647 - MainThread - sqlmesh.core.snapshot.evaluator - INFO - Inserting batch (2020-01-01 00:00:00+00:00, 2023-12-18 00:00:00+00:00) into sqlmesh__sqlmesh_example.sqlmesh_example__incremental_model__1404400901' (evaluator.py:444)
2023-12-18 01:44:09,649 - MainThread - sqlmesh.core.engine_adapter.base - INFO - Executing SQL: DELETE FROM "sqlmesh__sqlmesh_example"."sqlmesh_example__incremental_model__1404400901" WHERE "ds" BETWEEN '2020-01-01' AND '2023-12-17' (base.py:1434)
2023-12-18 01:44:09,652 - MainThread - sqlmesh.core.engine_adapter.base - INFO - Executing SQL: INSERT INTO "sqlmesh__sqlmesh_example"."sqlmesh_example__incremental_model__1404400901" ("id", "item_id", "ds") SELECT "id", "item_id", "ds" FROM (SELECT "seed_model"."id" AS "id", "seed_model"."item_id" AS "item_id", "seed_model"."ds" AS "ds" FROM "sqlmesh__sqlmesh_example"."sqlmesh_example__seed_model__57561387" AS "seed_model" WHERE "seed_model"."ds" <= '2023-12-17' AND "seed_model"."ds" >= '2020-01-01') AS "_subquery" WHERE "ds" BETWEEN '2020-01-01' AND '2023-12-17' (base.py:1434)
2023-12-18 01:44:09,655 - MainThread - sqlmesh.core.state_sync.engine_adapter - INFO - Adding interval (1577836800000, 1702857600000) for snapshot SnapshotId<sqlmesh_example.incremental_model: 2881875110> (engine_adapter.py:543)
2023-12-18 01:44:09,675 - MainThread - sqlmesh.core.snapshot.evaluator - INFO - Evaluating snapshot SnapshotId<sqlmesh_example.full_model: 1802140363> (evaluator.py:420)
2023-12-18 01:44:09,683 - MainThread - sqlmesh.core.snapshot.evaluator - INFO - Inserting batch (2020-01-01 00:00:00+00:00, 2023-12-18 00:00:00+00:00) into sqlmesh__sqlmesh_example.sqlmesh_example__full_model__114051327' (evaluator.py:444)
2023-12-18 01:44:09,684 - MainThread - sqlmesh.core.engine_adapter.base - INFO - Executing SQL: CREATE OR REPLACE TABLE "sqlmesh__sqlmesh_example"."sqlmesh_example__full_model__114051327" AS SELECT "incremental_model"."item_id" AS "item_id", COUNT(DISTINCT "incremental_model"."id") AS "num_orders" FROM "sqlmesh__sqlmesh_example"."sqlmesh_example__incremental_model__1404400901" AS "incremental_model" GROUP BY "incremental_model"."item_id" ORDER BY "item_id" (base.py:1434)
2023-12-18 01:44:09,690 - MainThread - sqlmesh.core.snapshot.evaluator - INFO - Auditing snapshot SnapshotId<sqlmesh_example.full_model: 1802140363> (evaluator.py:342)
2023-12-18 01:44:09,691 - MainThread - sqlmesh.core.engine_adapter.base - INFO - Executing SQL: DESCRIBE "sqlmesh__sqlmesh_example"."sqlmesh_example__full_model__114051327" (base.py:1434)
2023-12-18 01:44:09,708 - MainThread - sqlmesh.core.engine_adapter.base - INFO - Executing SQL: SELECT COUNT(*) FROM (SELECT * FROM (SELECT * FROM "sqlmesh__sqlmesh_example"."sqlmesh_example__full_model__114051327" AS "sqlmesh_example__full_model__114051327") AS "_q_0" WHERE "item_id" < 0) AS "audit" (base.py:1434)
2023-12-18 01:44:09,714 - MainThread - sqlmesh.core.state_sync.engine_adapter - INFO - Adding interval (1577836800000, 1702857600000) for snapshot SnapshotId<sqlmesh_example.full_model: 1802140363> (engine_adapter.py:543)
2023-12-18 01:44:09,736 - MainThread - sqlmesh.core.state_sync.common - INFO - Promoting environment 'prod' (common.py:118)
2023-12-18 01:44:09,791 - MainThread - sqlmesh.core.state_sync.common - INFO - Unpausing snapshot SnapshotId<sqlmesh_example.seed_model: 343981806> (common.py:267)
2023-12-18 01:44:09,798 - MainThread - sqlmesh.core.state_sync.common - INFO - Unpausing snapshot SnapshotId<sqlmesh_example.incremental_model: 2881875110> (common.py:267)
2023-12-18 01:44:09,805 - MainThread - sqlmesh.core.state_sync.common - INFO - Unpausing snapshot SnapshotId<sqlmesh_example.full_model: 1802140363> (common.py:267)
2023-12-18 01:44:09,814 - MainThread - sqlmesh.core.snapshot.evaluator - INFO - Creating schema 'sqlmesh_example' (evaluator.py:737)
2023-12-18 01:44:09,817 - MainThread - sqlmesh.core.engine_adapter.base - INFO - Executing SQL: CREATE SCHEMA IF NOT EXISTS "sqlmesh_example" (base.py:1434)
2023-12-18 01:44:09,819 - MainThread - sqlmesh.core.snapshot.evaluator - INFO - Updating view 'sqlmesh_example.seed_model' to point at table 'sqlmesh__sqlmesh_example.sqlmesh_example__seed_model__57561387' (evaluator.py:968)
2023-12-18 01:44:09,820 - MainThread - sqlmesh.core.engine_adapter.base - INFO - Executing SQL: CREATE OR REPLACE VIEW "sqlmesh_example"."seed_model" AS SELECT * FROM "sqlmesh__sqlmesh_example"."sqlmesh_example__seed_model__57561387" (base.py:1434)
2023-12-18 01:44:09,824 - MainThread - sqlmesh.core.snapshot.evaluator - INFO - Updating view 'sqlmesh_example.incremental_model' to point at table 'sqlmesh__sqlmesh_example.sqlmesh_example__incremental_model__1404400901' (evaluator.py:968)
2023-12-18 01:44:09,826 - MainThread - sqlmesh.core.engine_adapter.base - INFO - Executing SQL: CREATE OR REPLACE VIEW "sqlmesh_example"."incremental_model" AS SELECT * FROM "sqlmesh__sqlmesh_example"."sqlmesh_example__incremental_model__1404400901" (base.py:1434)
2023-12-18 01:44:09,829 - MainThread - sqlmesh.core.snapshot.evaluator - INFO - Updating view 'sqlmesh_example.full_model' to point at table 'sqlmesh__sqlmesh_example.sqlmesh_example__full_model__114051327' (evaluator.py:968)
2023-12-18 01:44:09,830 - MainThread - sqlmesh.core.engine_adapter.base - INFO - Executing SQL: CREATE OR REPLACE VIEW "sqlmesh_example"."full_model" AS SELECT * FROM "sqlmesh__sqlmesh_example"."sqlmesh_example__full_model__114051327" (base.py:1434)
2023-12-18 01:44:09,833 - MainThread - sqlmesh.core.state_sync.common - INFO - Finalizing environment 'Environment<snapshots: [SnapshotTableInfo<name: sqlmesh_example.seed_model, change_category: 1, fingerprint: SnapshotFingerprint<343981806, data: 3466030346, meta: 2559821982, pdata: 0, pmeta: 0>, version: 57561387, physical_schema_: sqlmesh__sqlmesh_example, parents: (), kind_name: SEED>, SnapshotTableInfo<name: sqlmesh_example.incremental_model, change_category: 1, fingerprint: SnapshotFingerprint<2881875110, data: 2164127078, meta: 577105942, pdata: 2122653549, pmeta: 325883061>, version: 1404400901, physical_schema_: sqlmesh__sqlmesh_example, parents: (SnapshotId<sqlmesh_example.seed_model: 343981806>,), kind_name: INCREMENTAL_BY_TIME_RANGE>, SnapshotTableInfo<name: sqlmesh_example.full_model, change_category: 1, fingerprint: SnapshotFingerprint<1802140363, data: 3215771928, meta: 661105588, pdata: 2772709336, pmeta: 1394791269>, version: 114051327, physical_schema_: sqlmesh__sqlmesh_example, parents: (SnapshotId<sqlmesh_example.incremental_model: 2881875110>,), kind_name: FULL>], start_at: 1577836800000, plan_id: 253f2e0df9b547dabda77af46cf0d6a3>' (common.py:200)
