2023-12-14 19:23:16,287 INFO [main] o.a.n.b.NotificationServiceManager Successfully loaded the following 0 services: []
2023-12-14 19:23:16,311 INFO [main] org.apache.nifi.bootstrap.RunNiFi Registered no Notification Services for Notification Type NIFI_STARTED
2023-12-14 19:23:16,312 INFO [main] org.apache.nifi.bootstrap.RunNiFi Registered no Notification Services for Notification Type NIFI_STOPPED
2023-12-14 19:23:16,312 INFO [main] org.apache.nifi.bootstrap.RunNiFi Registered no Notification Services for Notification Type NIFI_DIED
2023-12-14 19:23:16,348 INFO [main] org.apache.nifi.bootstrap.RunNiFi Runtime Java version: 11.0.21
2023-12-14 19:23:16,507 INFO [main] org.apache.nifi.bootstrap.RunNiFi {javaVersion=11.0.21, availableProcessors=8, maxOpenFileDescriptors=1048576, totalPhysicalMemoryMB=11967, minimumHeapSize=512m, maximumHeapSize=512m}
2023-12-14 19:23:16,528 INFO [main] org.apache.nifi.bootstrap.Command Starting Apache NiFi...
2023-12-14 19:23:16,529 INFO [main] org.apache.nifi.bootstrap.Command Working Directory: /opt/nifi/nifi-current
2023-12-14 19:23:16,530 INFO [main] org.apache.nifi.bootstrap.Command Command: /opt/java/openjdk/bin/java -classpath /opt/nifi/nifi-current/./conf:/opt/nifi/nifi-current/./lib/jul-to-slf4j-2.0.9.jar:/opt/nifi/nifi-current/./lib/nifi-property-utils-1.24.0.jar:/opt/nifi/nifi-current/./lib/nifi-runtime-1.24.0.jar:/opt/nifi/nifi-current/./lib/nifi-properties-1.24.0.jar:/opt/nifi/nifi-current/./lib/jcl-over-slf4j-2.0.9.jar:/opt/nifi/nifi-current/./lib/javax.servlet-api-3.1.0.jar:/opt/nifi/nifi-current/./lib/jetty-schemas-5.2.jar:/opt/nifi/nifi-current/./lib/nifi-api-1.24.0.jar:/opt/nifi/nifi-current/./lib/logback-core-1.3.11.jar:/opt/nifi/nifi-current/./lib/log4j-over-slf4j-2.0.9.jar:/opt/nifi/nifi-current/./lib/nifi-stateless-bootstrap-1.24.0.jar:/opt/nifi/nifi-current/./lib/nifi-server-api-1.24.0.jar:/opt/nifi/nifi-current/./lib/logback-classic-1.3.11.jar:/opt/nifi/nifi-current/./lib/nifi-per-process-group-logging-1.24.0.jar:/opt/nifi/nifi-current/./lib/nifi-nar-utils-1.24.0.jar:/opt/nifi/nifi-current/./lib/nifi-stateless-api-1.24.0.jar:/opt/nifi/nifi-current/./lib/nifi-framework-api-1.24.0.jar:/opt/nifi/nifi-current/./lib/slf4j-api-2.0.9.jar:/opt/nifi/nifi-current/./lib/java11/jaxb-runtime-2.3.8.jar:/opt/nifi/nifi-current/./lib/java11/jakarta.activation-1.2.2.jar:/opt/nifi/nifi-current/./lib/java11/jakarta.xml.bind-api-2.3.3.jar:/opt/nifi/nifi-current/./lib/java11/txw2-2.3.8.jar:/opt/nifi/nifi-current/./lib/java11/javax.annotation-api-1.3.2.jar:/opt/nifi/nifi-current/./lib/java11/jakarta.activation-api-1.2.2.jar:/opt/nifi/nifi-current/./lib/java11/istack-commons-runtime-3.0.12.jar -Dorg.apache.jasper.compiler.disablejsr199=true -Xmx512m -Xms512m -Dcurator-log-only-first-connection-issue-as-error-level=true -Djavax.security.auth.useSubjectCredsOnly=true -Djava.security.egd=file:/dev/urandom -Dzookeeper.admin.enableServer=false -Dsun.net.http.allowRestrictedHeaders=true -Djava.net.preferIPv4Stack=true -Djava.awt.headless=true -Djava.protocol.handler.pkgs=sun.net.www.protocol -Dnifi.properties.file.path=/opt/nifi/nifi-current/./conf/nifi.properties -Dnifi.bootstrap.listen.port=45307 -Dapp=NiFi -Dorg.apache.nifi.bootstrap.config.log.dir=/opt/nifi/nifi-current/logs org.apache.nifi.NiFi 
2023-12-14 19:23:16,563 INFO [main] org.apache.nifi.bootstrap.Command Launched Apache NiFi with Process ID 101
2023-12-14 19:23:17,475 INFO [NiFi Bootstrap Command Listener] org.apache.nifi.bootstrap.RunNiFi Apache NiFi now running and listening for Bootstrap requests on port 43339
2023-12-14 19:23:37,819 ERROR [NiFi logging handler] org.apache.nifi.StdErr Warning: Nashorn engine is planned to be removed from a future JDK release
2023-12-14 19:23:38,284 ERROR [NiFi logging handler] org.apache.nifi.StdErr Warning: Nashorn engine is planned to be removed from a future JDK release
2023-12-14 19:23:38,323 ERROR [NiFi logging handler] org.apache.nifi.StdErr Warning: Nashorn engine is planned to be removed from a future JDK release
2023-12-14 19:23:38,339 ERROR [NiFi logging handler] org.apache.nifi.StdErr Warning: Nashorn engine is planned to be removed from a future JDK release
2023-12-14 19:23:38,391 ERROR [NiFi logging handler] org.apache.nifi.StdErr Warning: Nashorn engine is planned to be removed from a future JDK release
2023-12-14 19:23:38,404 ERROR [NiFi logging handler] org.apache.nifi.StdErr Warning: Nashorn engine is planned to be removed from a future JDK release
2023-12-14 19:23:38,424 ERROR [NiFi logging handler] org.apache.nifi.StdErr Warning: Nashorn engine is planned to be removed from a future JDK release
2023-12-14 19:23:38,591 ERROR [NiFi logging handler] org.apache.nifi.StdErr Warning: Nashorn engine is planned to be removed from a future JDK release
2023-12-14 19:23:38,842 ERROR [NiFi logging handler] org.apache.nifi.StdErr Warning: Nashorn engine is planned to be removed from a future JDK release
2023-12-14 19:23:45,605 ERROR [NiFi logging handler] org.apache.nifi.StdErr WARNING: An illegal reflective access operation has occurred
2023-12-14 19:23:45,605 ERROR [NiFi logging handler] org.apache.nifi.StdErr WARNING: Illegal reflective access by jetbrains.exodus.io.FileDataWriter$Companion$setUninterruptibleMethod$1 (file:/opt/nifi/nifi-current/./work/nar/framework/nifi-framework-nar-1.24.0.nar-unpacked/NAR-INF/bundled-dependencies/xodus-environment-2.0.1.jar) to method sun.nio.ch.FileChannelImpl.setUninterruptible()
2023-12-14 19:23:45,606 ERROR [NiFi logging handler] org.apache.nifi.StdErr WARNING: Please consider reporting this to the maintainers of jetbrains.exodus.io.FileDataWriter$Companion$setUninterruptibleMethod$1
2023-12-14 19:23:45,607 ERROR [NiFi logging handler] org.apache.nifi.StdErr WARNING: Use --illegal-access=warn to enable warnings of further illegal reflective access operations
2023-12-14 19:23:45,608 ERROR [NiFi logging handler] org.apache.nifi.StdErr WARNING: All illegal access operations will be denied in a future release
2023-12-14 19:40:37,746 INFO [main] o.a.n.b.NotificationServiceManager Successfully loaded the following 0 services: []
2023-12-14 19:40:37,752 INFO [main] org.apache.nifi.bootstrap.RunNiFi Registered no Notification Services for Notification Type NIFI_STARTED
2023-12-14 19:40:37,752 INFO [main] org.apache.nifi.bootstrap.RunNiFi Registered no Notification Services for Notification Type NIFI_STOPPED
2023-12-14 19:40:37,753 INFO [main] org.apache.nifi.bootstrap.RunNiFi Registered no Notification Services for Notification Type NIFI_DIED
2023-12-14 19:40:37,780 INFO [main] org.apache.nifi.bootstrap.Command Apache NiFi has accepted the Shutdown Command and is shutting down now
2023-12-14 19:40:37,802 INFO [main] org.apache.nifi.bootstrap.Command NiFi PID [101] shutdown in progress...
2023-12-14 19:40:39,812 INFO [main] org.apache.nifi.bootstrap.Command NiFi PID [101] shutdown in progress...
2023-12-14 19:40:41,823 INFO [main] org.apache.nifi.bootstrap.Command NiFi PID [101] shutdown in progress...
2023-12-14 19:40:43,832 INFO [main] org.apache.nifi.bootstrap.Command NiFi PID [101] shutdown in progress...
2023-12-14 19:40:45,840 INFO [main] org.apache.nifi.bootstrap.Command NiFi PID [101] shutdown in progress...
2023-12-14 19:41:20,634 INFO [main] o.a.n.b.NotificationServiceManager Successfully loaded the following 0 services: []
2023-12-14 19:41:20,637 INFO [main] org.apache.nifi.bootstrap.RunNiFi Registered no Notification Services for Notification Type NIFI_STARTED
2023-12-14 19:41:20,638 INFO [main] org.apache.nifi.bootstrap.RunNiFi Registered no Notification Services for Notification Type NIFI_STOPPED
2023-12-14 19:41:20,638 INFO [main] org.apache.nifi.bootstrap.RunNiFi Registered no Notification Services for Notification Type NIFI_DIED
2023-12-14 19:41:20,660 INFO [main] org.apache.nifi.bootstrap.RunNiFi Runtime Java version: 11.0.21
2023-12-14 19:41:20,750 INFO [main] org.apache.nifi.bootstrap.RunNiFi {javaVersion=11.0.21, availableProcessors=8, maxOpenFileDescriptors=1048576, totalPhysicalMemoryMB=11967, minimumHeapSize=512m, maximumHeapSize=512m}
2023-12-14 19:41:20,765 INFO [main] org.apache.nifi.bootstrap.Command Starting Apache NiFi...
2023-12-14 19:41:20,767 INFO [main] org.apache.nifi.bootstrap.Command Working Directory: /opt/nifi/nifi-current
2023-12-14 19:41:20,768 INFO [main] org.apache.nifi.bootstrap.Command Command: /opt/java/openjdk/bin/java -classpath /opt/nifi/nifi-current/./conf:/opt/nifi/nifi-current/./lib/jul-to-slf4j-2.0.9.jar:/opt/nifi/nifi-current/./lib/nifi-property-utils-1.24.0.jar:/opt/nifi/nifi-current/./lib/nifi-runtime-1.24.0.jar:/opt/nifi/nifi-current/./lib/nifi-properties-1.24.0.jar:/opt/nifi/nifi-current/./lib/jcl-over-slf4j-2.0.9.jar:/opt/nifi/nifi-current/./lib/javax.servlet-api-3.1.0.jar:/opt/nifi/nifi-current/./lib/jetty-schemas-5.2.jar:/opt/nifi/nifi-current/./lib/nifi-api-1.24.0.jar:/opt/nifi/nifi-current/./lib/logback-core-1.3.11.jar:/opt/nifi/nifi-current/./lib/log4j-over-slf4j-2.0.9.jar:/opt/nifi/nifi-current/./lib/nifi-stateless-bootstrap-1.24.0.jar:/opt/nifi/nifi-current/./lib/nifi-server-api-1.24.0.jar:/opt/nifi/nifi-current/./lib/logback-classic-1.3.11.jar:/opt/nifi/nifi-current/./lib/nifi-per-process-group-logging-1.24.0.jar:/opt/nifi/nifi-current/./lib/nifi-nar-utils-1.24.0.jar:/opt/nifi/nifi-current/./lib/nifi-stateless-api-1.24.0.jar:/opt/nifi/nifi-current/./lib/nifi-framework-api-1.24.0.jar:/opt/nifi/nifi-current/./lib/slf4j-api-2.0.9.jar:/opt/nifi/nifi-current/./lib/java11/jaxb-runtime-2.3.8.jar:/opt/nifi/nifi-current/./lib/java11/jakarta.activation-1.2.2.jar:/opt/nifi/nifi-current/./lib/java11/jakarta.xml.bind-api-2.3.3.jar:/opt/nifi/nifi-current/./lib/java11/txw2-2.3.8.jar:/opt/nifi/nifi-current/./lib/java11/javax.annotation-api-1.3.2.jar:/opt/nifi/nifi-current/./lib/java11/jakarta.activation-api-1.2.2.jar:/opt/nifi/nifi-current/./lib/java11/istack-commons-runtime-3.0.12.jar -Dorg.apache.jasper.compiler.disablejsr199=true -Xmx512m -Xms512m -Dcurator-log-only-first-connection-issue-as-error-level=true -Djavax.security.auth.useSubjectCredsOnly=true -Djava.security.egd=file:/dev/urandom -Dzookeeper.admin.enableServer=false -Dsun.net.http.allowRestrictedHeaders=true -Djava.net.preferIPv4Stack=true -Djava.awt.headless=true -Djava.protocol.handler.pkgs=sun.net.www.protocol -Dnifi.properties.file.path=/opt/nifi/nifi-current/./conf/nifi.properties -Dnifi.bootstrap.listen.port=36309 -Dapp=NiFi -Dorg.apache.nifi.bootstrap.config.log.dir=/opt/nifi/nifi-current/logs org.apache.nifi.NiFi 
2023-12-14 19:41:20,808 INFO [main] org.apache.nifi.bootstrap.Command Launched Apache NiFi with Process ID 100
2023-12-14 19:41:21,405 INFO [NiFi Bootstrap Command Listener] org.apache.nifi.bootstrap.RunNiFi Apache NiFi now running and listening for Bootstrap requests on port 44835
2023-12-14 19:41:37,861 ERROR [NiFi logging handler] org.apache.nifi.StdErr Warning: Nashorn engine is planned to be removed from a future JDK release
2023-12-14 19:41:40,974 ERROR [NiFi logging handler] org.apache.nifi.StdErr Warning: Nashorn engine is planned to be removed from a future JDK release
2023-12-14 19:41:40,982 ERROR [NiFi logging handler] org.apache.nifi.StdErr Warning: Nashorn engine is planned to be removed from a future JDK release
2023-12-14 19:41:41,140 ERROR [NiFi logging handler] org.apache.nifi.StdErr Warning: Nashorn engine is planned to be removed from a future JDK release
2023-12-14 19:41:41,212 ERROR [NiFi logging handler] org.apache.nifi.StdErr Warning: Nashorn engine is planned to be removed from a future JDK release
2023-12-14 19:41:41,237 ERROR [NiFi logging handler] org.apache.nifi.StdErr Warning: Nashorn engine is planned to be removed from a future JDK release
2023-12-14 19:41:41,245 ERROR [NiFi logging handler] org.apache.nifi.StdErr Warning: Nashorn engine is planned to be removed from a future JDK release
2023-12-14 19:41:41,257 ERROR [NiFi logging handler] org.apache.nifi.StdErr Warning: Nashorn engine is planned to be removed from a future JDK release
2023-12-14 19:41:41,434 ERROR [NiFi logging handler] org.apache.nifi.StdErr Warning: Nashorn engine is planned to be removed from a future JDK release
2023-12-14 19:41:47,101 ERROR [NiFi logging handler] org.apache.nifi.StdErr WARNING: An illegal reflective access operation has occurred
2023-12-14 19:41:47,103 ERROR [NiFi logging handler] org.apache.nifi.StdErr WARNING: Illegal reflective access by jetbrains.exodus.io.FileDataWriter$Companion$setUninterruptibleMethod$1 (file:/opt/nifi/nifi-current/./work/nar/framework/nifi-framework-nar-1.24.0.nar-unpacked/NAR-INF/bundled-dependencies/xodus-environment-2.0.1.jar) to method sun.nio.ch.FileChannelImpl.setUninterruptible()
2023-12-14 19:41:47,103 ERROR [NiFi logging handler] org.apache.nifi.StdErr WARNING: Please consider reporting this to the maintainers of jetbrains.exodus.io.FileDataWriter$Companion$setUninterruptibleMethod$1
2023-12-14 19:41:47,104 ERROR [NiFi logging handler] org.apache.nifi.StdErr WARNING: Use --illegal-access=warn to enable warnings of further illegal reflective access operations
2023-12-14 19:41:47,105 ERROR [NiFi logging handler] org.apache.nifi.StdErr WARNING: All illegal access operations will be denied in a future release
2023-12-14 19:43:38,870 INFO [main] o.a.n.b.NotificationServiceManager Successfully loaded the following 0 services: []
2023-12-14 19:43:38,874 INFO [main] org.apache.nifi.bootstrap.RunNiFi Registered no Notification Services for Notification Type NIFI_STARTED
2023-12-14 19:43:38,874 INFO [main] org.apache.nifi.bootstrap.RunNiFi Registered no Notification Services for Notification Type NIFI_STOPPED
2023-12-14 19:43:38,875 INFO [main] org.apache.nifi.bootstrap.RunNiFi Registered no Notification Services for Notification Type NIFI_DIED
2023-12-14 19:43:38,894 INFO [main] org.apache.nifi.bootstrap.Command Apache NiFi has accepted the Shutdown Command and is shutting down now
2023-12-14 19:43:38,918 INFO [main] org.apache.nifi.bootstrap.Command NiFi PID [100] shutdown in progress...
2023-12-14 19:43:40,927 INFO [main] org.apache.nifi.bootstrap.Command NiFi PID [100] shutdown in progress...
2023-12-14 19:43:42,941 INFO [main] org.apache.nifi.bootstrap.Command NiFi PID [100] shutdown in progress...
2023-12-14 19:43:44,952 INFO [main] org.apache.nifi.bootstrap.Command NiFi PID [100] shutdown in progress...
2023-12-14 19:43:46,958 INFO [main] org.apache.nifi.bootstrap.Command NiFi PID [100] shutdown in progress...
2023-12-14 19:44:29,152 INFO [main] o.a.n.b.NotificationServiceManager Successfully loaded the following 0 services: []
2023-12-14 19:44:29,155 INFO [main] org.apache.nifi.bootstrap.RunNiFi Registered no Notification Services for Notification Type NIFI_STARTED
2023-12-14 19:44:29,155 INFO [main] org.apache.nifi.bootstrap.RunNiFi Registered no Notification Services for Notification Type NIFI_STOPPED
2023-12-14 19:44:29,155 INFO [main] org.apache.nifi.bootstrap.RunNiFi Registered no Notification Services for Notification Type NIFI_DIED
2023-12-14 19:44:29,176 INFO [main] org.apache.nifi.bootstrap.RunNiFi Runtime Java version: 11.0.21
2023-12-14 19:44:29,277 INFO [main] org.apache.nifi.bootstrap.RunNiFi {javaVersion=11.0.21, availableProcessors=8, maxOpenFileDescriptors=1048576, totalPhysicalMemoryMB=11967, minimumHeapSize=512m, maximumHeapSize=512m}
2023-12-14 19:44:29,292 INFO [main] org.apache.nifi.bootstrap.Command Starting Apache NiFi...
2023-12-14 19:44:29,293 INFO [main] org.apache.nifi.bootstrap.Command Working Directory: /opt/nifi/nifi-current
2023-12-14 19:44:29,293 INFO [main] org.apache.nifi.bootstrap.Command Command: /opt/java/openjdk/bin/java -classpath /opt/nifi/nifi-current/./conf:/opt/nifi/nifi-current/./lib/jul-to-slf4j-2.0.9.jar:/opt/nifi/nifi-current/./lib/nifi-property-utils-1.24.0.jar:/opt/nifi/nifi-current/./lib/nifi-runtime-1.24.0.jar:/opt/nifi/nifi-current/./lib/nifi-properties-1.24.0.jar:/opt/nifi/nifi-current/./lib/jcl-over-slf4j-2.0.9.jar:/opt/nifi/nifi-current/./lib/javax.servlet-api-3.1.0.jar:/opt/nifi/nifi-current/./lib/jetty-schemas-5.2.jar:/opt/nifi/nifi-current/./lib/nifi-api-1.24.0.jar:/opt/nifi/nifi-current/./lib/logback-core-1.3.11.jar:/opt/nifi/nifi-current/./lib/log4j-over-slf4j-2.0.9.jar:/opt/nifi/nifi-current/./lib/nifi-stateless-bootstrap-1.24.0.jar:/opt/nifi/nifi-current/./lib/nifi-server-api-1.24.0.jar:/opt/nifi/nifi-current/./lib/logback-classic-1.3.11.jar:/opt/nifi/nifi-current/./lib/nifi-per-process-group-logging-1.24.0.jar:/opt/nifi/nifi-current/./lib/nifi-nar-utils-1.24.0.jar:/opt/nifi/nifi-current/./lib/nifi-stateless-api-1.24.0.jar:/opt/nifi/nifi-current/./lib/nifi-framework-api-1.24.0.jar:/opt/nifi/nifi-current/./lib/slf4j-api-2.0.9.jar:/opt/nifi/nifi-current/./lib/java11/jaxb-runtime-2.3.8.jar:/opt/nifi/nifi-current/./lib/java11/jakarta.activation-1.2.2.jar:/opt/nifi/nifi-current/./lib/java11/jakarta.xml.bind-api-2.3.3.jar:/opt/nifi/nifi-current/./lib/java11/txw2-2.3.8.jar:/opt/nifi/nifi-current/./lib/java11/javax.annotation-api-1.3.2.jar:/opt/nifi/nifi-current/./lib/java11/jakarta.activation-api-1.2.2.jar:/opt/nifi/nifi-current/./lib/java11/istack-commons-runtime-3.0.12.jar -Dorg.apache.jasper.compiler.disablejsr199=true -Xmx512m -Xms512m -Dcurator-log-only-first-connection-issue-as-error-level=true -Djavax.security.auth.useSubjectCredsOnly=true -Djava.security.egd=file:/dev/urandom -Dzookeeper.admin.enableServer=false -Dsun.net.http.allowRestrictedHeaders=true -Djava.net.preferIPv4Stack=true -Djava.awt.headless=true -Djava.protocol.handler.pkgs=sun.net.www.protocol -Dnifi.properties.file.path=/opt/nifi/nifi-current/./conf/nifi.properties -Dnifi.bootstrap.listen.port=39785 -Dapp=NiFi -Dorg.apache.nifi.bootstrap.config.log.dir=/opt/nifi/nifi-current/logs org.apache.nifi.NiFi 
2023-12-14 19:44:29,330 INFO [main] org.apache.nifi.bootstrap.Command Launched Apache NiFi with Process ID 100
2023-12-14 19:44:29,931 INFO [NiFi Bootstrap Command Listener] org.apache.nifi.bootstrap.RunNiFi Apache NiFi now running and listening for Bootstrap requests on port 41721
2023-12-14 19:44:44,396 ERROR [NiFi logging handler] org.apache.nifi.StdErr Warning: Nashorn engine is planned to be removed from a future JDK release
2023-12-14 19:44:47,794 ERROR [NiFi logging handler] org.apache.nifi.StdErr Warning: Nashorn engine is planned to be removed from a future JDK release
2023-12-14 19:44:47,804 ERROR [NiFi logging handler] org.apache.nifi.StdErr Warning: Nashorn engine is planned to be removed from a future JDK release
2023-12-14 19:44:47,959 ERROR [NiFi logging handler] org.apache.nifi.StdErr Warning: Nashorn engine is planned to be removed from a future JDK release
2023-12-14 19:44:48,042 ERROR [NiFi logging handler] org.apache.nifi.StdErr Warning: Nashorn engine is planned to be removed from a future JDK release
2023-12-14 19:44:48,067 ERROR [NiFi logging handler] org.apache.nifi.StdErr Warning: Nashorn engine is planned to be removed from a future JDK release
2023-12-14 19:44:48,074 ERROR [NiFi logging handler] org.apache.nifi.StdErr Warning: Nashorn engine is planned to be removed from a future JDK release
2023-12-14 19:44:48,087 ERROR [NiFi logging handler] org.apache.nifi.StdErr Warning: Nashorn engine is planned to be removed from a future JDK release
2023-12-14 19:44:48,276 ERROR [NiFi logging handler] org.apache.nifi.StdErr Warning: Nashorn engine is planned to be removed from a future JDK release
2023-12-14 19:44:53,916 ERROR [NiFi logging handler] org.apache.nifi.StdErr WARNING: An illegal reflective access operation has occurred
2023-12-14 19:44:53,916 ERROR [NiFi logging handler] org.apache.nifi.StdErr WARNING: Illegal reflective access by jetbrains.exodus.io.FileDataWriter$Companion$setUninterruptibleMethod$1 (file:/opt/nifi/nifi-current/./work/nar/framework/nifi-framework-nar-1.24.0.nar-unpacked/NAR-INF/bundled-dependencies/xodus-environment-2.0.1.jar) to method sun.nio.ch.FileChannelImpl.setUninterruptible()
2023-12-14 19:44:53,917 ERROR [NiFi logging handler] org.apache.nifi.StdErr WARNING: Please consider reporting this to the maintainers of jetbrains.exodus.io.FileDataWriter$Companion$setUninterruptibleMethod$1
2023-12-14 19:44:53,918 ERROR [NiFi logging handler] org.apache.nifi.StdErr WARNING: Use --illegal-access=warn to enable warnings of further illegal reflective access operations
2023-12-14 19:44:53,918 ERROR [NiFi logging handler] org.apache.nifi.StdErr WARNING: All illegal access operations will be denied in a future release
2023-12-14 19:46:16,957 INFO [main] o.a.n.b.NotificationServiceManager Successfully loaded the following 0 services: []
2023-12-14 19:46:16,960 INFO [main] org.apache.nifi.bootstrap.RunNiFi Registered no Notification Services for Notification Type NIFI_STARTED
2023-12-14 19:46:16,961 INFO [main] org.apache.nifi.bootstrap.RunNiFi Registered no Notification Services for Notification Type NIFI_STOPPED
2023-12-14 19:46:16,961 INFO [main] org.apache.nifi.bootstrap.RunNiFi Registered no Notification Services for Notification Type NIFI_DIED
2023-12-14 19:46:16,990 INFO [main] org.apache.nifi.bootstrap.Command Apache NiFi has accepted the Shutdown Command and is shutting down now
2023-12-14 19:46:17,015 INFO [main] org.apache.nifi.bootstrap.Command NiFi PID [100] shutdown in progress...
2023-12-14 19:46:19,022 INFO [main] org.apache.nifi.bootstrap.Command NiFi PID [100] shutdown in progress...
2023-12-14 19:46:21,029 INFO [main] org.apache.nifi.bootstrap.Command NiFi PID [100] shutdown in progress...
2023-12-14 19:46:23,034 INFO [main] org.apache.nifi.bootstrap.Command NiFi PID [100] shutdown in progress...
2023-12-14 19:46:25,042 INFO [main] org.apache.nifi.bootstrap.Command NiFi PID [100] shutdown in progress...
2023-12-14 19:46:52,762 INFO [main] o.a.n.b.NotificationServiceManager Successfully loaded the following 0 services: []
2023-12-14 19:46:52,765 INFO [main] org.apache.nifi.bootstrap.RunNiFi Registered no Notification Services for Notification Type NIFI_STARTED
2023-12-14 19:46:52,765 INFO [main] org.apache.nifi.bootstrap.RunNiFi Registered no Notification Services for Notification Type NIFI_STOPPED
2023-12-14 19:46:52,766 INFO [main] org.apache.nifi.bootstrap.RunNiFi Registered no Notification Services for Notification Type NIFI_DIED
2023-12-14 19:46:52,788 INFO [main] org.apache.nifi.bootstrap.RunNiFi Runtime Java version: 11.0.21
2023-12-14 19:46:52,887 INFO [main] org.apache.nifi.bootstrap.RunNiFi {javaVersion=11.0.21, availableProcessors=8, maxOpenFileDescriptors=1048576, totalPhysicalMemoryMB=11967, minimumHeapSize=512m, maximumHeapSize=512m}
2023-12-14 19:46:52,903 INFO [main] org.apache.nifi.bootstrap.Command Starting Apache NiFi...
2023-12-14 19:46:52,904 INFO [main] org.apache.nifi.bootstrap.Command Working Directory: /opt/nifi/nifi-current
2023-12-14 19:46:52,905 INFO [main] org.apache.nifi.bootstrap.Command Command: /opt/java/openjdk/bin/java -classpath /opt/nifi/nifi-current/./conf:/opt/nifi/nifi-current/./lib/jul-to-slf4j-2.0.9.jar:/opt/nifi/nifi-current/./lib/nifi-property-utils-1.24.0.jar:/opt/nifi/nifi-current/./lib/nifi-runtime-1.24.0.jar:/opt/nifi/nifi-current/./lib/nifi-properties-1.24.0.jar:/opt/nifi/nifi-current/./lib/jcl-over-slf4j-2.0.9.jar:/opt/nifi/nifi-current/./lib/javax.servlet-api-3.1.0.jar:/opt/nifi/nifi-current/./lib/jetty-schemas-5.2.jar:/opt/nifi/nifi-current/./lib/nifi-api-1.24.0.jar:/opt/nifi/nifi-current/./lib/logback-core-1.3.11.jar:/opt/nifi/nifi-current/./lib/log4j-over-slf4j-2.0.9.jar:/opt/nifi/nifi-current/./lib/nifi-stateless-bootstrap-1.24.0.jar:/opt/nifi/nifi-current/./lib/nifi-server-api-1.24.0.jar:/opt/nifi/nifi-current/./lib/logback-classic-1.3.11.jar:/opt/nifi/nifi-current/./lib/nifi-per-process-group-logging-1.24.0.jar:/opt/nifi/nifi-current/./lib/nifi-nar-utils-1.24.0.jar:/opt/nifi/nifi-current/./lib/nifi-stateless-api-1.24.0.jar:/opt/nifi/nifi-current/./lib/nifi-framework-api-1.24.0.jar:/opt/nifi/nifi-current/./lib/slf4j-api-2.0.9.jar:/opt/nifi/nifi-current/./lib/java11/jaxb-runtime-2.3.8.jar:/opt/nifi/nifi-current/./lib/java11/jakarta.activation-1.2.2.jar:/opt/nifi/nifi-current/./lib/java11/jakarta.xml.bind-api-2.3.3.jar:/opt/nifi/nifi-current/./lib/java11/txw2-2.3.8.jar:/opt/nifi/nifi-current/./lib/java11/javax.annotation-api-1.3.2.jar:/opt/nifi/nifi-current/./lib/java11/jakarta.activation-api-1.2.2.jar:/opt/nifi/nifi-current/./lib/java11/istack-commons-runtime-3.0.12.jar -Dorg.apache.jasper.compiler.disablejsr199=true -Xmx512m -Xms512m -Dcurator-log-only-first-connection-issue-as-error-level=true -Djavax.security.auth.useSubjectCredsOnly=true -Djava.security.egd=file:/dev/urandom -Dzookeeper.admin.enableServer=false -Dsun.net.http.allowRestrictedHeaders=true -Djava.net.preferIPv4Stack=true -Djava.awt.headless=true -Djava.protocol.handler.pkgs=sun.net.www.protocol -Dnifi.properties.file.path=/opt/nifi/nifi-current/./conf/nifi.properties -Dnifi.bootstrap.listen.port=34939 -Dapp=NiFi -Dorg.apache.nifi.bootstrap.config.log.dir=/opt/nifi/nifi-current/logs org.apache.nifi.NiFi 
2023-12-14 19:46:52,937 INFO [main] org.apache.nifi.bootstrap.Command Launched Apache NiFi with Process ID 100
2023-12-14 19:46:53,560 INFO [NiFi Bootstrap Command Listener] org.apache.nifi.bootstrap.RunNiFi Apache NiFi now running and listening for Bootstrap requests on port 36191
2023-12-14 19:47:07,530 ERROR [NiFi logging handler] org.apache.nifi.StdErr Warning: Nashorn engine is planned to be removed from a future JDK release
2023-12-14 19:47:10,513 ERROR [NiFi logging handler] org.apache.nifi.StdErr Warning: Nashorn engine is planned to be removed from a future JDK release
2023-12-14 19:47:10,521 ERROR [NiFi logging handler] org.apache.nifi.StdErr Warning: Nashorn engine is planned to be removed from a future JDK release
2023-12-14 19:47:10,660 ERROR [NiFi logging handler] org.apache.nifi.StdErr Warning: Nashorn engine is planned to be removed from a future JDK release
2023-12-14 19:47:10,737 ERROR [NiFi logging handler] org.apache.nifi.StdErr Warning: Nashorn engine is planned to be removed from a future JDK release
2023-12-14 19:47:10,760 ERROR [NiFi logging handler] org.apache.nifi.StdErr Warning: Nashorn engine is planned to be removed from a future JDK release
2023-12-14 19:47:10,767 ERROR [NiFi logging handler] org.apache.nifi.StdErr Warning: Nashorn engine is planned to be removed from a future JDK release
2023-12-14 19:47:10,778 ERROR [NiFi logging handler] org.apache.nifi.StdErr Warning: Nashorn engine is planned to be removed from a future JDK release
2023-12-14 19:47:10,947 ERROR [NiFi logging handler] org.apache.nifi.StdErr Warning: Nashorn engine is planned to be removed from a future JDK release
2023-12-14 19:47:16,188 ERROR [NiFi logging handler] org.apache.nifi.StdErr WARNING: An illegal reflective access operation has occurred
2023-12-14 19:47:16,189 ERROR [NiFi logging handler] org.apache.nifi.StdErr WARNING: Illegal reflective access by jetbrains.exodus.io.FileDataWriter$Companion$setUninterruptibleMethod$1 (file:/opt/nifi/nifi-current/./work/nar/framework/nifi-framework-nar-1.24.0.nar-unpacked/NAR-INF/bundled-dependencies/xodus-environment-2.0.1.jar) to method sun.nio.ch.FileChannelImpl.setUninterruptible()
2023-12-14 19:47:16,189 ERROR [NiFi logging handler] org.apache.nifi.StdErr WARNING: Please consider reporting this to the maintainers of jetbrains.exodus.io.FileDataWriter$Companion$setUninterruptibleMethod$1
2023-12-14 19:47:16,190 ERROR [NiFi logging handler] org.apache.nifi.StdErr WARNING: Use --illegal-access=warn to enable warnings of further illegal reflective access operations
2023-12-14 19:47:16,190 ERROR [NiFi logging handler] org.apache.nifi.StdErr WARNING: All illegal access operations will be denied in a future release
2023-12-14 19:48:19,842 INFO [main] o.a.n.b.NotificationServiceManager Successfully loaded the following 0 services: []
2023-12-14 19:48:19,847 INFO [main] org.apache.nifi.bootstrap.RunNiFi Registered no Notification Services for Notification Type NIFI_STARTED
2023-12-14 19:48:19,848 INFO [main] org.apache.nifi.bootstrap.RunNiFi Registered no Notification Services for Notification Type NIFI_STOPPED
2023-12-14 19:48:19,848 INFO [main] org.apache.nifi.bootstrap.RunNiFi Registered no Notification Services for Notification Type NIFI_DIED
2023-12-14 19:48:19,878 INFO [main] org.apache.nifi.bootstrap.Command Apache NiFi has accepted the Shutdown Command and is shutting down now
2023-12-14 19:48:19,905 INFO [main] org.apache.nifi.bootstrap.Command NiFi PID [100] shutdown in progress...
2023-12-14 19:48:21,911 INFO [main] org.apache.nifi.bootstrap.Command NiFi PID [100] shutdown in progress...
2023-12-14 19:48:23,915 INFO [main] org.apache.nifi.bootstrap.Command NiFi PID [100] shutdown in progress...
2023-12-14 19:48:25,919 INFO [main] org.apache.nifi.bootstrap.Command NiFi PID [100] shutdown completed
2023-12-14 19:48:25,973 INFO [main] org.apache.nifi.bootstrap.RunNiFi Status File no longer exists. Will not restart NiFi
2023-12-14 19:48:53,526 INFO [main] o.a.n.b.NotificationServiceManager Successfully loaded the following 0 services: []
2023-12-14 19:48:53,530 INFO [main] org.apache.nifi.bootstrap.RunNiFi Registered no Notification Services for Notification Type NIFI_STARTED
2023-12-14 19:48:53,530 INFO [main] org.apache.nifi.bootstrap.RunNiFi Registered no Notification Services for Notification Type NIFI_STOPPED
2023-12-14 19:48:53,531 INFO [main] org.apache.nifi.bootstrap.RunNiFi Registered no Notification Services for Notification Type NIFI_DIED
2023-12-14 19:48:53,552 INFO [main] org.apache.nifi.bootstrap.RunNiFi Runtime Java version: 11.0.21
2023-12-14 19:48:53,663 INFO [main] org.apache.nifi.bootstrap.RunNiFi {javaVersion=11.0.21, availableProcessors=8, maxOpenFileDescriptors=1048576, totalPhysicalMemoryMB=11967, minimumHeapSize=512m, maximumHeapSize=512m}
2023-12-14 19:48:53,679 INFO [main] org.apache.nifi.bootstrap.Command Starting Apache NiFi...
2023-12-14 19:48:53,681 INFO [main] org.apache.nifi.bootstrap.Command Working Directory: /opt/nifi/nifi-current
2023-12-14 19:48:53,682 INFO [main] org.apache.nifi.bootstrap.Command Command: /opt/java/openjdk/bin/java -classpath /opt/nifi/nifi-current/./conf:/opt/nifi/nifi-current/./lib/jul-to-slf4j-2.0.9.jar:/opt/nifi/nifi-current/./lib/nifi-property-utils-1.24.0.jar:/opt/nifi/nifi-current/./lib/nifi-runtime-1.24.0.jar:/opt/nifi/nifi-current/./lib/nifi-properties-1.24.0.jar:/opt/nifi/nifi-current/./lib/jcl-over-slf4j-2.0.9.jar:/opt/nifi/nifi-current/./lib/javax.servlet-api-3.1.0.jar:/opt/nifi/nifi-current/./lib/jetty-schemas-5.2.jar:/opt/nifi/nifi-current/./lib/nifi-api-1.24.0.jar:/opt/nifi/nifi-current/./lib/logback-core-1.3.11.jar:/opt/nifi/nifi-current/./lib/log4j-over-slf4j-2.0.9.jar:/opt/nifi/nifi-current/./lib/nifi-stateless-bootstrap-1.24.0.jar:/opt/nifi/nifi-current/./lib/nifi-server-api-1.24.0.jar:/opt/nifi/nifi-current/./lib/logback-classic-1.3.11.jar:/opt/nifi/nifi-current/./lib/nifi-per-process-group-logging-1.24.0.jar:/opt/nifi/nifi-current/./lib/nifi-nar-utils-1.24.0.jar:/opt/nifi/nifi-current/./lib/nifi-stateless-api-1.24.0.jar:/opt/nifi/nifi-current/./lib/nifi-framework-api-1.24.0.jar:/opt/nifi/nifi-current/./lib/slf4j-api-2.0.9.jar:/opt/nifi/nifi-current/./lib/java11/jaxb-runtime-2.3.8.jar:/opt/nifi/nifi-current/./lib/java11/jakarta.activation-1.2.2.jar:/opt/nifi/nifi-current/./lib/java11/jakarta.xml.bind-api-2.3.3.jar:/opt/nifi/nifi-current/./lib/java11/txw2-2.3.8.jar:/opt/nifi/nifi-current/./lib/java11/javax.annotation-api-1.3.2.jar:/opt/nifi/nifi-current/./lib/java11/jakarta.activation-api-1.2.2.jar:/opt/nifi/nifi-current/./lib/java11/istack-commons-runtime-3.0.12.jar -Dorg.apache.jasper.compiler.disablejsr199=true -Xmx512m -Xms512m -Dcurator-log-only-first-connection-issue-as-error-level=true -Djavax.security.auth.useSubjectCredsOnly=true -Djava.security.egd=file:/dev/urandom -Dzookeeper.admin.enableServer=false -Dsun.net.http.allowRestrictedHeaders=true -Djava.net.preferIPv4Stack=true -Djava.awt.headless=true -Djava.protocol.handler.pkgs=sun.net.www.protocol -Dnifi.properties.file.path=/opt/nifi/nifi-current/./conf/nifi.properties -Dnifi.bootstrap.listen.port=46123 -Dapp=NiFi -Dorg.apache.nifi.bootstrap.config.log.dir=/opt/nifi/nifi-current/logs org.apache.nifi.NiFi 
2023-12-14 19:48:53,719 INFO [main] org.apache.nifi.bootstrap.Command Launched Apache NiFi with Process ID 100
2023-12-14 19:48:54,396 INFO [NiFi Bootstrap Command Listener] org.apache.nifi.bootstrap.RunNiFi Apache NiFi now running and listening for Bootstrap requests on port 43515
2023-12-14 19:49:08,483 ERROR [NiFi logging handler] org.apache.nifi.StdErr Warning: Nashorn engine is planned to be removed from a future JDK release
2023-12-14 19:49:11,316 ERROR [NiFi logging handler] org.apache.nifi.StdErr Warning: Nashorn engine is planned to be removed from a future JDK release
2023-12-14 19:49:11,326 ERROR [NiFi logging handler] org.apache.nifi.StdErr Warning: Nashorn engine is planned to be removed from a future JDK release
2023-12-14 19:49:11,481 ERROR [NiFi logging handler] org.apache.nifi.StdErr Warning: Nashorn engine is planned to be removed from a future JDK release
2023-12-14 19:49:11,552 ERROR [NiFi logging handler] org.apache.nifi.StdErr Warning: Nashorn engine is planned to be removed from a future JDK release
2023-12-14 19:49:11,576 ERROR [NiFi logging handler] org.apache.nifi.StdErr Warning: Nashorn engine is planned to be removed from a future JDK release
2023-12-14 19:49:11,582 ERROR [NiFi logging handler] org.apache.nifi.StdErr Warning: Nashorn engine is planned to be removed from a future JDK release
2023-12-14 19:49:11,593 ERROR [NiFi logging handler] org.apache.nifi.StdErr Warning: Nashorn engine is planned to be removed from a future JDK release
2023-12-14 19:49:11,758 ERROR [NiFi logging handler] org.apache.nifi.StdErr Warning: Nashorn engine is planned to be removed from a future JDK release
2023-12-14 19:49:17,354 ERROR [NiFi logging handler] org.apache.nifi.StdErr WARNING: An illegal reflective access operation has occurred
2023-12-14 19:49:17,356 ERROR [NiFi logging handler] org.apache.nifi.StdErr WARNING: Illegal reflective access by jetbrains.exodus.io.FileDataWriter$Companion$setUninterruptibleMethod$1 (file:/opt/nifi/nifi-current/./work/nar/framework/nifi-framework-nar-1.24.0.nar-unpacked/NAR-INF/bundled-dependencies/xodus-environment-2.0.1.jar) to method sun.nio.ch.FileChannelImpl.setUninterruptible()
2023-12-14 19:49:17,356 ERROR [NiFi logging handler] org.apache.nifi.StdErr WARNING: Please consider reporting this to the maintainers of jetbrains.exodus.io.FileDataWriter$Companion$setUninterruptibleMethod$1
2023-12-14 19:49:17,356 ERROR [NiFi logging handler] org.apache.nifi.StdErr WARNING: Use --illegal-access=warn to enable warnings of further illegal reflective access operations
2023-12-14 19:49:17,357 ERROR [NiFi logging handler] org.apache.nifi.StdErr WARNING: All illegal access operations will be denied in a future release
2023-12-14 20:36:43,512 INFO [main] o.a.n.b.NotificationServiceManager Successfully loaded the following 0 services: []
2023-12-14 20:36:43,521 INFO [main] org.apache.nifi.bootstrap.RunNiFi Registered no Notification Services for Notification Type NIFI_STARTED
2023-12-14 20:36:43,522 INFO [main] org.apache.nifi.bootstrap.RunNiFi Registered no Notification Services for Notification Type NIFI_STOPPED
2023-12-14 20:36:43,523 INFO [main] org.apache.nifi.bootstrap.RunNiFi Registered no Notification Services for Notification Type NIFI_DIED
2023-12-14 20:36:43,720 INFO [main] org.apache.nifi.bootstrap.Command Apache NiFi has accepted the Shutdown Command and is shutting down now
2023-12-14 20:36:43,764 INFO [main] org.apache.nifi.bootstrap.Command NiFi PID [100] shutdown in progress...
2023-12-14 20:36:45,770 INFO [main] org.apache.nifi.bootstrap.Command NiFi PID [100] shutdown in progress...
2023-12-14 20:36:47,775 INFO [main] org.apache.nifi.bootstrap.Command NiFi PID [100] shutdown in progress...
